<?xml version="1.0" encoding="UTF-8"?>
<!-- Generated by org.testng.reporters.JUnitReportReporter -->
<testsuite skipped="0" hostname="Shahin-PC" name="downloadFileHandle.GridTestOnFirefox" tests="1" failures="0" timestamp="15 Feb 2020 08:14:19 GMT" time="17.880" errors="0">
  <testcase name="test" time="17.880" classname="downloadFileHandle.GridTestOnFirefox"/>
</testsuite> <!-- downloadFileHandle.GridTestOnFirefox -->
