<?xml version="1.0" encoding="UTF-8"?>
<!-- Generated by org.testng.reporters.JUnitReportReporter -->
<testsuite skipped="0" hostname="Shahin-PC" name="downloadFileHandle.DownloadFileSmartConcept" tests="1" failures="0" timestamp="14 Feb 2020 07:09:42 GMT" time="319.579" errors="0">
  <testcase name="downloadFileTest" time="319.579" classname="downloadFileHandle.DownloadFileSmartConcept"/>
</testsuite> <!-- downloadFileHandle.DownloadFileSmartConcept -->
