<?xml version="1.0" encoding="UTF-8"?>
<!-- Generated by org.testng.reporters.JUnitReportReporter -->
<testsuite skipped="0" hostname="Shahin-PC" name="selenium4newfeatures.RelativeLocatorTest" tests="1" failures="0" timestamp="10 Feb 2020 08:09:14 GMT" time="0.127" errors="0">
  <testcase name="tset1" time="0.127" classname="selenium4newfeatures.RelativeLocatorTest"/>
</testsuite> <!-- selenium4newfeatures.RelativeLocatorTest -->
