<?xml version="1.0" encoding="UTF-8"?>
<!-- Generated by org.testng.reporters.JUnitReportReporter -->
<testsuite skipped="0" hostname="Shahin-PC" name="downloadFileHandle.DownloadFileSmartUsingFirefox" tests="1" failures="0" timestamp="14 Feb 2020 07:47:33 GMT" time="17.434" errors="0">
  <testcase name="downloadFileTest" time="17.434" classname="downloadFileHandle.DownloadFileSmartUsingFirefox"/>
</testsuite> <!-- downloadFileHandle.DownloadFileSmartUsingFirefox -->
